[0m14:34:12.897683 [debug] [MainThread]: Sending event: {'category': 'dbt', 'action': 'invocation', 'label': 'start', 'context': [<snowplow_tracker.self_describing_json.SelfDescribingJson object at 0x106bfcfd0>, <snowplow_tracker.self_describing_json.SelfDescribingJson object at 0x1090235d0>, <snowplow_tracker.self_describing_json.SelfDescribingJson object at 0x109023fd0>]}


============================== 14:34:12.900157 | e4ac5acf-74b3-479a-89f1-e993beeb111d ==============================
[0m14:34:12.900157 [info ] [MainThread]: Running with dbt=1.8.0
[0m14:34:12.900509 [debug] [MainThread]: running dbt with arguments {'printer_width': '80', 'indirect_selection': 'eager', 'write_json': 'True', 'log_cache_events': 'False', 'partial_parse': 'True', 'cache_selected_only': 'False', 'profiles_dir': '/Users/daniel-araujo/.dbt', 'fail_fast': 'False', 'version_check': 'True', 'log_path': 'logs', 'debug': 'False', 'warn_error': 'None', 'use_colors': 'True', 'use_experimental_parser': 'False', 'no_print': 'None', 'quiet': 'False', 'log_format': 'default', 'introspect': 'True', 'invocation_command': 'dbt init', 'warn_error_options': 'WarnErrorOptions(include=[], exclude=[])', 'target_path': 'None', 'static_parser': 'True', 'send_anonymous_usage_stats': 'True'}
[0m14:34:32.276524 [debug] [MainThread]: Starter project path: /Users/daniel-araujo/.pyenv/versions/3.11.12/lib/python3.11/site-packages/dbt/include/starter_project
[0m14:34:32.286246 [info ] [MainThread]: 
Your new dbt project "carris_transformations" was created!

For more information on how to configure the profiles.yml file,
please consult the dbt documentation here:

  https://docs.getdbt.com/docs/configure-your-profile

One more thing:

Need help? Don't hesitate to reach out to us via GitHub issues or on Slack:

  https://community.getdbt.com/

Happy modeling!

[0m14:34:32.286913 [info ] [MainThread]: Setting up your profile.
[0m14:36:15.047557 [info ] [MainThread]: Profile carris_transformations written to /Users/daniel-araujo/.dbt/profiles.yml using target's profile_template.yml and your supplied values. Run 'dbt debug' to validate the connection.
[0m14:36:15.054389 [debug] [MainThread]: Resource report: {"command_name": "init", "command_success": true, "command_wall_clock_time": 122.18938, "process_user_time": 1.637682, "process_kernel_time": 0.320376, "process_mem_max_rss": "359612416", "process_in_blocks": "0", "process_out_blocks": "0"}
[0m14:36:15.055976 [debug] [MainThread]: Command `dbt init` succeeded at 14:36:15.055738 after 122.19 seconds
[0m14:36:15.056561 [debug] [MainThread]: Sending event: {'category': 'dbt', 'action': 'invocation', 'label': 'end', 'context': [<snowplow_tracker.self_describing_json.SelfDescribingJson object at 0x109023890>, <snowplow_tracker.self_describing_json.SelfDescribingJson object at 0x108fe78d0>, <snowplow_tracker.self_describing_json.SelfDescribingJson object at 0x108fbb850>]}
[0m14:36:15.057130 [debug] [MainThread]: Flushing usage events
[0m14:36:21.381951 [debug] [MainThread]: Sending event: {'category': 'dbt', 'action': 'invocation', 'label': 'start', 'context': [<snowplow_tracker.self_describing_json.SelfDescribingJson object at 0x104f06990>, <snowplow_tracker.self_describing_json.SelfDescribingJson object at 0x104f4d990>, <snowplow_tracker.self_describing_json.SelfDescribingJson object at 0x104f67fd0>]}


============================== 14:36:21.384399 | ecb6f46d-48c9-4bf0-9b1b-478310442943 ==============================
[0m14:36:21.384399 [info ] [MainThread]: Running with dbt=1.8.0
[0m14:36:21.384769 [debug] [MainThread]: running dbt with arguments {'printer_width': '80', 'indirect_selection': 'eager', 'write_json': 'True', 'log_cache_events': 'False', 'partial_parse': 'True', 'cache_selected_only': 'False', 'warn_error': 'None', 'debug': 'False', 'version_check': 'True', 'log_path': 'logs', 'profiles_dir': '/Users/daniel-araujo/.dbt', 'fail_fast': 'False', 'use_colors': 'True', 'use_experimental_parser': 'False', 'no_print': 'None', 'quiet': 'False', 'warn_error_options': 'WarnErrorOptions(include=[], exclude=[])', 'invocation_command': 'dbt debug', 'introspect': 'True', 'log_format': 'default', 'target_path': 'None', 'static_parser': 'True', 'send_anonymous_usage_stats': 'True'}
[0m14:36:21.389810 [info ] [MainThread]: dbt version: 1.8.0
[0m14:36:21.390032 [info ] [MainThread]: python version: 3.11.12
[0m14:36:21.390429 [info ] [MainThread]: python path: /Users/daniel-araujo/.pyenv/versions/3.11.12/bin/python
[0m14:36:21.390626 [info ] [MainThread]: os info: macOS-15.5-arm64-arm-64bit
[0m14:36:22.624210 [info ] [MainThread]: Using profiles dir at /Users/daniel-araujo/.dbt
[0m14:36:22.624560 [info ] [MainThread]: Using profiles.yml file at /Users/daniel-araujo/.dbt/profiles.yml
[0m14:36:22.624732 [info ] [MainThread]: Using dbt_project.yml file at /Users/daniel-araujo/Projects/carris-data-platform/src/marts/spark/dbt/dbt_project.yml
[0m14:36:22.624897 [info ] [MainThread]: adapter type: bigquery
[0m14:36:22.625044 [info ] [MainThread]: adapter version: 1.9.2
[0m14:36:22.625204 [info ] [MainThread]: Configuration:
[0m14:36:22.625346 [info ] [MainThread]:   profiles.yml file [[32mOK found and valid[0m]
[0m14:36:22.625486 [info ] [MainThread]:   dbt_project.yml file [[31mERROR not found[0m]
[0m14:36:22.625625 [info ] [MainThread]: Required dependencies:
[0m14:36:22.625814 [debug] [MainThread]: Executing "git --help"
[0m14:36:22.654513 [debug] [MainThread]: STDOUT: "b"usage: git [-v | --version] [-h | --help] [-C <path>] [-c <name>=<value>]\n           [--exec-path[=<path>]] [--html-path] [--man-path] [--info-path]\n           [-p | --paginate | -P | --no-pager] [--no-replace-objects] [--bare]\n           [--git-dir=<path>] [--work-tree=<path>] [--namespace=<name>]\n           [--super-prefix=<path>] [--config-env=<name>=<envvar>]\n           <command> [<args>]\n\nThese are common Git commands used in various situations:\n\nstart a working area (see also: git help tutorial)\n   clone     Clone a repository into a new directory\n   init      Create an empty Git repository or reinitialize an existing one\n\nwork on the current change (see also: git help everyday)\n   add       Add file contents to the index\n   mv        Move or rename a file, a directory, or a symlink\n   restore   Restore working tree files\n   rm        Remove files from the working tree and from the index\n\nexamine the history and state (see also: git help revisions)\n   bisect    Use binary search to find the commit that introduced a bug\n   diff      Show changes between commits, commit and working tree, etc\n   grep      Print lines matching a pattern\n   log       Show commit logs\n   show      Show various types of objects\n   status    Show the working tree status\n\ngrow, mark and tweak your common history\n   branch    List, create, or delete branches\n   commit    Record changes to the repository\n   merge     Join two or more development histories together\n   rebase    Reapply commits on top of another base tip\n   reset     Reset current HEAD to the specified state\n   switch    Switch branches\n   tag       Create, list, delete or verify a tag object signed with GPG\n\ncollaborate (see also: git help workflows)\n   fetch     Download objects and refs from another repository\n   pull      Fetch from and integrate with another repository or a local branch\n   push      Update remote refs along with associated objects\n\n'git help -a' and 'git help -g' list available subcommands and some\nconcept guides. See 'git help <command>' or 'git help <concept>'\nto read about a specific subcommand or concept.\nSee 'git help git' for an overview of the system.\n""
[0m14:36:22.655189 [debug] [MainThread]: STDERR: "b''"
[0m14:36:22.655431 [info ] [MainThread]:  - git [[32mOK found[0m]

[0m14:36:22.655628 [info ] [MainThread]: Connection:
[0m14:36:22.655887 [info ] [MainThread]:   method: oauth
[0m14:36:22.656031 [info ] [MainThread]:   database: data-eng-dev-437916
[0m14:36:22.656177 [info ] [MainThread]:   execution_project: data-eng-dev-437916
[0m14:36:22.656313 [info ] [MainThread]:   schema: applied_project_mart_grupo_1
[0m14:36:22.656449 [info ] [MainThread]:   location: EU
[0m14:36:22.656595 [info ] [MainThread]:   priority: interactive
[0m14:36:22.656731 [info ] [MainThread]:   maximum_bytes_billed: None
[0m14:36:22.656870 [info ] [MainThread]:   impersonate_service_account: None
[0m14:36:22.657004 [info ] [MainThread]:   job_retry_deadline_seconds: None
[0m14:36:22.657139 [info ] [MainThread]:   job_retries: 1
[0m14:36:22.657275 [info ] [MainThread]:   job_creation_timeout_seconds: None
[0m14:36:22.657407 [info ] [MainThread]:   job_execution_timeout_seconds: 300
[0m14:36:22.657541 [info ] [MainThread]:   timeout_seconds: 300
[0m14:36:22.658004 [info ] [MainThread]:   client_id: None
[0m14:36:22.658256 [info ] [MainThread]:   token_uri: None
[0m14:36:22.658559 [info ] [MainThread]:   compute_region: None
[0m14:36:22.659164 [info ] [MainThread]:   dataproc_cluster_name: None
[0m14:36:22.659417 [info ] [MainThread]:   gcs_bucket: None
[0m14:36:22.659585 [info ] [MainThread]:   dataproc_batch: None
[0m14:36:22.660056 [info ] [MainThread]: Registered adapter: bigquery=1.9.2
[0m14:36:22.848093 [debug] [MainThread]: Acquiring new bigquery connection 'debug'
[0m14:36:22.848549 [debug] [MainThread]: On debug: select 1 as id
[0m14:36:22.848754 [debug] [MainThread]: Opening a new connection, currently in state init
[0m14:36:24.629512 [debug] [MainThread]: BigQuery adapter: https://console.cloud.google.com/bigquery?project=data-eng-dev-437916&j=bq:EU:805015e8-d1bc-4df6-9b02-1301753f1aa4&page=queryresults
[0m14:36:25.050384 [info ] [MainThread]:   Connection test: [[32mOK connection ok[0m]

[0m14:36:25.051406 [info ] [MainThread]: [31m1 check failed:[0m
[0m14:36:25.051911 [info ] [MainThread]: Project loading failed for the following reason:
 project path </Users/daniel-araujo/Projects/carris-data-platform/src/marts/spark/dbt/dbt_project.yml> not found

[0m14:36:25.058092 [debug] [MainThread]: Resource report: {"command_name": "debug", "command_wall_clock_time": 3.707927, "process_user_time": 1.821311, "process_kernel_time": 0.404746, "process_mem_max_rss": "369704960", "command_success": false, "process_in_blocks": "0", "process_out_blocks": "0"}
[0m14:36:25.059069 [debug] [MainThread]: Command `dbt debug` failed at 14:36:25.058916 after 3.71 seconds
[0m14:36:25.060177 [debug] [MainThread]: Connection 'debug' was properly closed.
[0m14:36:25.060954 [debug] [MainThread]: Sending event: {'category': 'dbt', 'action': 'invocation', 'label': 'end', 'context': [<snowplow_tracker.self_describing_json.SelfDescribingJson object at 0x104efea50>, <snowplow_tracker.self_describing_json.SelfDescribingJson object at 0x104f67250>, <snowplow_tracker.self_describing_json.SelfDescribingJson object at 0x12716d290>]}
[0m14:36:25.061617 [debug] [MainThread]: Flushing usage events
