[0m15:46:39.869041 [debug] [MainThread]: Sending event: {'category': 'dbt', 'action': 'invocation', 'label': 'start', 'context': [<snowplow_tracker.self_describing_json.SelfDescribingJson object at 0x109213590>, <snowplow_tracker.self_describing_json.SelfDescribingJson object at 0x109273f10>, <snowplow_tracker.self_describing_json.SelfDescribingJson object at 0x109273fd0>]}


============================== 15:46:39.871503 | 32daff69-8fc4-4f3a-920a-9a44ca0d2eea ==============================
[0m15:46:39.871503 [info ] [MainThread]: Running with dbt=1.8.0
[0m15:46:39.871866 [debug] [MainThread]: running dbt with arguments {'printer_width': '80', 'indirect_selection': 'eager', 'write_json': 'True', 'log_cache_events': 'False', 'partial_parse': 'True', 'cache_selected_only': 'False', 'profiles_dir': '/Users/daniel-araujo/.dbt', 'fail_fast': 'False', 'warn_error': 'None', 'log_path': 'logs', 'debug': 'False', 'version_check': 'True', 'use_colors': 'True', 'use_experimental_parser': 'False', 'no_print': 'None', 'quiet': 'False', 'log_format': 'default', 'introspect': 'True', 'invocation_command': 'dbt init', 'static_parser': 'True', 'target_path': 'None', 'warn_error_options': 'WarnErrorOptions(include=[], exclude=[])', 'send_anonymous_usage_stats': 'True'}
[0m15:46:54.758860 [debug] [MainThread]: Starter project path: /Users/daniel-araujo/.pyenv/versions/3.11.12/lib/python3.11/site-packages/dbt/include/starter_project
[0m15:46:54.767048 [info ] [MainThread]: 
Your new dbt project "carris_transformations" was created!

For more information on how to configure the profiles.yml file,
please consult the dbt documentation here:

  https://docs.getdbt.com/docs/configure-your-profile

One more thing:

Need help? Don't hesitate to reach out to us via GitHub issues or on Slack:

  https://community.getdbt.com/

Happy modeling!

[0m15:46:54.767539 [info ] [MainThread]: Setting up your profile.
[0m15:47:51.191695 [info ] [MainThread]: Profile carris_transformations written to /Users/daniel-araujo/.dbt/profiles.yml using target's profile_template.yml and your supplied values. Run 'dbt debug' to validate the connection.
[0m15:47:51.198370 [debug] [MainThread]: Resource report: {"command_name": "init", "command_success": true, "command_wall_clock_time": 71.360725, "process_user_time": 1.596022, "process_kernel_time": 0.277023, "process_mem_max_rss": "359890944", "process_in_blocks": "0", "process_out_blocks": "0"}
[0m15:47:51.199466 [debug] [MainThread]: Command `dbt init` succeeded at 15:47:51.199353 after 71.36 seconds
[0m15:47:51.199937 [debug] [MainThread]: Sending event: {'category': 'dbt', 'action': 'invocation', 'label': 'end', 'context': [<snowplow_tracker.self_describing_json.SelfDescribingJson object at 0x109278890>, <snowplow_tracker.self_describing_json.SelfDescribingJson object at 0x109273950>, <snowplow_tracker.self_describing_json.SelfDescribingJson object at 0x107f7de10>]}
[0m15:47:51.200390 [debug] [MainThread]: Flushing usage events
