[0m18:50:51.958820 [debug] [MainThread]: Sending event: {'category': 'dbt', 'action': 'invocation', 'label': 'start', 'context': [<snowplow_tracker.self_describing_json.SelfDescribingJson object at 0x000001BE2165ABA0>, <snowplow_tracker.self_describing_json.SelfDescribingJson object at 0x000001BE225D7C50>, <snowplow_tracker.self_describing_json.SelfDescribingJson object at 0x000001BE227D7ED0>]}


============================== 18:50:51.962198 | b22b4b19-1e96-46a2-aeca-3b278b01baab ==============================
[0m18:50:51.962198 [info ] [MainThread]: Running with dbt=1.9.6
[0m18:50:51.963077 [debug] [MainThread]: running dbt with arguments {'printer_width': '80', 'indirect_selection': 'eager', 'log_cache_events': 'False', 'write_json': 'True', 'partial_parse': 'True', 'cache_selected_only': 'False', 'warn_error': 'None', 'fail_fast': 'False', 'profiles_dir': 'C:\\Users\\tomas\\.dbt', 'log_path': 'logs', 'version_check': 'True', 'debug': 'False', 'use_colors': 'True', 'use_experimental_parser': 'False', 'no_print': 'None', 'quiet': 'False', 'empty': 'False', 'warn_error_options': 'WarnErrorOptions(include=[], exclude=[])', 'introspect': 'True', 'static_parser': 'True', 'invocation_command': 'dbt snapshot', 'target_path': 'None', 'log_format': 'default', 'send_anonymous_usage_stats': 'True'}
[0m18:50:51.968839 [error] [MainThread]: Encountered an error:
Runtime Error
  No dbt_project.yml found at expected path C:\Users\tomas\Projeto_Carris\carris-data-platform\dbt_project.yml
  Verify that each entry within packages.yml (and their transitive dependencies) contains a file named dbt_project.yml
  
[0m18:50:51.970301 [debug] [MainThread]: Command `dbt snapshot` failed at 18:50:51.970128 after 0.13 seconds
[0m18:50:51.970798 [debug] [MainThread]: Sending event: {'category': 'dbt', 'action': 'invocation', 'label': 'end', 'context': [<snowplow_tracker.self_describing_json.SelfDescribingJson object at 0x000001BE226D3820>, <snowplow_tracker.self_describing_json.SelfDescribingJson object at 0x000001BE228195B0>, <snowplow_tracker.self_describing_json.SelfDescribingJson object at 0x000001BE226668B0>]}
[0m18:50:51.971276 [debug] [MainThread]: Flushing usage events
[0m18:50:55.494696 [debug] [MainThread]: An error was encountered while trying to flush usage events
[0m18:51:03.516292 [debug] [MainThread]: Sending event: {'category': 'dbt', 'action': 'invocation', 'label': 'start', 'context': [<snowplow_tracker.self_describing_json.SelfDescribingJson object at 0x0000016CE7A0ABA0>, <snowplow_tracker.self_describing_json.SelfDescribingJson object at 0x0000016CE8987C50>, <snowplow_tracker.self_describing_json.SelfDescribingJson object at 0x0000016CE8B87ED0>]}


============================== 18:51:03.520697 | 4874160b-f59b-425c-be0f-f8b6cf8edc26 ==============================
[0m18:51:03.520697 [info ] [MainThread]: Running with dbt=1.9.6
[0m18:51:03.521323 [debug] [MainThread]: running dbt with arguments {'printer_width': '80', 'indirect_selection': 'eager', 'write_json': 'True', 'log_cache_events': 'False', 'partial_parse': 'True', 'cache_selected_only': 'False', 'profiles_dir': 'C:\\Users\\tomas\\.dbt', 'version_check': 'True', 'debug': 'False', 'log_path': 'logs', 'fail_fast': 'False', 'warn_error': 'None', 'use_colors': 'True', 'use_experimental_parser': 'False', 'no_print': 'None', 'quiet': 'False', 'empty': 'None', 'warn_error_options': 'WarnErrorOptions(include=[], exclude=[])', 'static_parser': 'True', 'invocation_command': 'dbt debug', 'introspect': 'True', 'target_path': 'None', 'log_format': 'default', 'send_anonymous_usage_stats': 'True'}
[0m18:51:03.553303 [info ] [MainThread]: dbt version: 1.9.6
[0m18:51:03.554010 [info ] [MainThread]: python version: 3.13.3
[0m18:51:03.554416 [info ] [MainThread]: python path: C:\Users\tomas\AppData\Local\Programs\Python\Python313\python.exe
[0m18:51:03.554804 [info ] [MainThread]: os info: Windows-11-10.0.26100-SP0
[0m18:51:07.530643 [info ] [MainThread]: Using profiles dir at C:\Users\tomas\.dbt
[0m18:51:07.531194 [info ] [MainThread]: Using profiles.yml file at C:\Users\tomas\.dbt\profiles.yml
[0m18:51:07.531772 [info ] [MainThread]: Using dbt_project.yml file at C:\Users\tomas\Projeto_Carris\carris-data-platform\dbt_project.yml
[0m18:51:07.532375 [info ] [MainThread]: adapter type: bigquery
[0m18:51:07.533065 [info ] [MainThread]: adapter version: 1.9.2
[0m18:51:07.533572 [info ] [MainThread]: Configuration:
[0m18:51:07.534002 [info ] [MainThread]:   profiles.yml file [[32mOK found and valid[0m]
[0m18:51:07.534423 [info ] [MainThread]:   dbt_project.yml file [[31mERROR not found[0m]
[0m18:51:07.534846 [info ] [MainThread]: Required dependencies:
[0m18:51:07.535295 [debug] [MainThread]: Executing "git --help"
[0m18:51:07.555298 [debug] [MainThread]: STDOUT: "b"usage: git [-v | --version] [-h | --help] [-C <path>] [-c <name>=<value>]\n           [--exec-path[=<path>]] [--html-path] [--man-path] [--info-path]\n           [-p | --paginate | -P | --no-pager] [--no-replace-objects] [--no-lazy-fetch]\n           [--no-optional-locks] [--no-advice] [--bare] [--git-dir=<path>]\n           [--work-tree=<path>] [--namespace=<name>] [--config-env=<name>=<envvar>]\n           <command> [<args>]\n\nThese are common Git commands used in various situations:\n\nstart a working area (see also: git help tutorial)\n   clone      Clone a repository into a new directory\n   init       Create an empty Git repository or reinitialize an existing one\n\nwork on the current change (see also: git help everyday)\n   add        Add file contents to the index\n   mv         Move or rename a file, a directory, or a symlink\n   restore    Restore working tree files\n   rm         Remove files from the working tree and from the index\n\nexamine the history and state (see also: git help revisions)\n   bisect     Use binary search to find the commit that introduced a bug\n   diff       Show changes between commits, commit and working tree, etc\n   grep       Print lines matching a pattern\n   log        Show commit logs\n   show       Show various types of objects\n   status     Show the working tree status\n\ngrow, mark and tweak your common history\n   backfill   Download missing objects in a partial clone\n   branch     List, create, or delete branches\n   commit     Record changes to the repository\n   merge      Join two or more development histories together\n   rebase     Reapply commits on top of another base tip\n   reset      Reset current HEAD to the specified state\n   switch     Switch branches\n   tag        Create, list, delete or verify a tag object signed with GPG\n\ncollaborate (see also: git help workflows)\n   fetch      Download objects and refs from another repository\n   pull       Fetch from and integrate with another repository or a local branch\n   push       Update remote refs along with associated objects\n\n'git help -a' and 'git help -g' list available subcommands and some\nconcept guides. See 'git help <command>' or 'git help <concept>'\nto read about a specific subcommand or concept.\nSee 'git help git' for an overview of the system.\n""
[0m18:51:07.555703 [debug] [MainThread]: STDERR: "b''"
[0m18:51:07.556056 [info ] [MainThread]:  - git [[32mOK found[0m]

[0m18:51:07.556475 [info ] [MainThread]: Connection:
[0m18:51:07.556823 [info ] [MainThread]:   method: oauth
[0m18:51:07.557291 [info ] [MainThread]:   database: data-eng-dev-437916
[0m18:51:07.557647 [info ] [MainThread]:   execution_project: data-eng-dev-437916
[0m18:51:07.557980 [info ] [MainThread]:   schema: starbucks_dev
[0m18:51:07.558299 [info ] [MainThread]:   location: EU
[0m18:51:07.558612 [info ] [MainThread]:   priority: None
[0m18:51:07.558955 [info ] [MainThread]:   maximum_bytes_billed: None
[0m18:51:07.559549 [info ] [MainThread]:   impersonate_service_account: None
[0m18:51:07.560221 [info ] [MainThread]:   job_retry_deadline_seconds: None
[0m18:51:07.560623 [info ] [MainThread]:   job_retries: 1
[0m18:51:07.561017 [info ] [MainThread]:   job_creation_timeout_seconds: None
[0m18:51:07.561409 [info ] [MainThread]:   job_execution_timeout_seconds: None
[0m18:51:07.561828 [info ] [MainThread]:   timeout_seconds: None
[0m18:51:07.562206 [info ] [MainThread]:   client_id: None
[0m18:51:07.562588 [info ] [MainThread]:   token_uri: None
[0m18:51:07.562959 [info ] [MainThread]:   compute_region: None
[0m18:51:07.563287 [info ] [MainThread]:   dataproc_cluster_name: None
[0m18:51:07.563652 [info ] [MainThread]:   gcs_bucket: None
[0m18:51:07.564026 [info ] [MainThread]:   dataproc_batch: None
[0m18:51:07.564568 [info ] [MainThread]: Registered adapter: bigquery=1.9.2
[0m18:51:08.275955 [debug] [MainThread]: Acquiring new bigquery connection 'debug'
[0m18:51:08.276339 [debug] [MainThread]: On debug: select 1 as id
[0m18:51:08.276636 [debug] [MainThread]: Opening a new connection, currently in state init
[0m18:51:15.584395 [debug] [MainThread]: BigQuery adapter: https://console.cloud.google.com/bigquery?project=data-eng-dev-437916&j=bq:EU:b432c05b-c498-445f-abdd-74511c0acecc&page=queryresults
[0m18:51:16.347346 [info ] [MainThread]:   Connection test: [[32mOK connection ok[0m]

[0m18:51:16.349324 [info ] [MainThread]: [31m1 check failed:[0m
[0m18:51:16.350703 [info ] [MainThread]: Project loading failed for the following reason:
 project path <C:\Users\tomas\Projeto_Carris\carris-data-platform\dbt_project.yml> not found

[0m18:51:16.353710 [debug] [MainThread]: Command `dbt debug` failed at 18:51:16.353331 after 12.95 seconds
[0m18:51:16.354694 [debug] [MainThread]: Connection 'debug' was properly closed.
[0m18:51:16.355462 [debug] [MainThread]: Sending event: {'category': 'dbt', 'action': 'invocation', 'label': 'end', 'context': [<snowplow_tracker.self_describing_json.SelfDescribingJson object at 0x0000016C8E294510>, <snowplow_tracker.self_describing_json.SelfDescribingJson object at 0x0000016C8E0972F0>, <snowplow_tracker.self_describing_json.SelfDescribingJson object at 0x0000016C8E03CE20>]}
[0m18:51:16.356238 [debug] [MainThread]: Flushing usage events
[0m18:51:16.817847 [debug] [MainThread]: An error was encountered while trying to flush usage events
